2022-02-02 10:32:30 INFO  Reflections:228 - Reflections took 3781 ms to scan 92 urls, producing 11054 keys and 58750 values 
2022-02-02 10:32:32 INFO  Reflections:228 - Reflections took 2222 ms to scan 92 urls, producing 10964 keys and 49771 values 
2022-02-02 10:32:33 INFO  Loggers:23 - ANDROID TESTI BASLIYOR
2022-02-02 10:32:51 INFO  Loggers:25 - Anasayfada başlığı kontrol edilir
2022-02-02 10:32:58 INFO  Loggers:25 - Alışverişe başla butonuna basılır
2022-02-02 10:33:04 INFO  Loggers:25 - Alışveriş sayfasının açıldığı kontrol edilir
2022-02-02 10:33:10 INFO  Loggers:25 - Kategoriler sayfası açılır
2022-02-02 10:33:16 INFO  Loggers:25 - Kategoriler sayfasının açıldığı kontrol edilir
2022-02-02 10:33:22 INFO  Loggers:25 - Kadın seçeneğine tıklanır
2022-02-02 10:38:41 INFO  Reflections:169 - Reflections took 3434 ms to scan 92 urls, producing 11054 keys and 58750 values 
2022-02-02 10:38:43 INFO  Reflections:169 - Reflections took 2147 ms to scan 92 urls, producing 10964 keys and 49771 values 
2022-02-02 10:38:43 INFO  Loggers:23 - ANDROID TESTI BASLIYOR
2022-02-02 10:39:00 INFO  Loggers:26 - Anasayfada başlığı kontrol edilir
2022-02-02 10:39:07 INFO  Loggers:26 - Alışverişe başla butonuna basılır
2022-02-02 10:39:13 INFO  Loggers:26 - Alışveriş sayfasının açıldığı kontrol edilir
2022-02-02 10:39:19 INFO  Loggers:26 - Kategoriler sayfası açılır
2022-02-02 10:39:25 INFO  Loggers:26 - Kategoriler sayfasının açıldığı kontrol edilir
2022-02-02 10:39:31 INFO  Loggers:26 - Kadın seçeneğine tıklanır
2022-02-02 11:05:34 INFO  Reflections:169 - Reflections took 5129 ms to scan 92 urls, producing 11054 keys and 58751 values 
2022-02-02 11:05:37 INFO  Reflections:169 - Reflections took 2767 ms to scan 92 urls, producing 10964 keys and 49771 values 
2022-02-02 11:05:37 INFO  Loggers:23 - ANDROID TESTI BASLIYOR
2022-02-02 11:19:19 INFO  Reflections:169 - Reflections took 3433 ms to scan 92 urls, producing 11054 keys and 58751 values 
2022-02-02 11:19:21 INFO  Reflections:169 - Reflections took 1977 ms to scan 92 urls, producing 10964 keys and 49771 values 
2022-02-02 11:19:21 INFO  Loggers:23 - ANDROID TESTI BASLIYOR
2022-02-02 11:20:14 INFO  Reflections:169 - Reflections took 3788 ms to scan 92 urls, producing 11054 keys and 58751 values 
2022-02-02 11:20:16 INFO  Reflections:169 - Reflections took 2237 ms to scan 92 urls, producing 10964 keys and 49771 values 
2022-02-02 11:20:17 INFO  Loggers:23 - ANDROID TESTI BASLIYOR
2022-02-02 11:22:26 INFO  Reflections:169 - Reflections took 6492 ms to scan 92 urls, producing 11054 keys and 58751 values 
2022-02-02 11:22:30 INFO  Reflections:169 - Reflections took 3508 ms to scan 92 urls, producing 10964 keys and 49771 values 
2022-02-02 11:22:30 INFO  Loggers:23 - ANDROID TESTI BASLIYOR
2022-02-02 11:22:55 INFO  Loggers:25 - Anasayfada başlığı kontrol edilir
2022-02-02 11:23:01 INFO  Loggers:25 - Alışverişe başla butonuna basılır
2022-02-02 11:23:07 INFO  Loggers:25 - Alışveriş sayfasının açıldığı kontrol edilir
2022-02-02 11:23:13 INFO  Loggers:25 - Kategoriler sayfası açılır
2022-02-02 11:23:20 INFO  Loggers:25 - Kategoriler sayfasının açıldığı kontrol edilir
2022-02-02 11:23:26 INFO  Loggers:25 - Kadın seçeneğine tıklanır
2022-02-02 11:24:31 INFO  Reflections:228 - Reflections took 4339 ms to scan 92 urls, producing 11054 keys and 58751 values 
2022-02-02 11:24:33 INFO  Reflections:228 - Reflections took 2135 ms to scan 92 urls, producing 10964 keys and 49771 values 
2022-02-02 11:24:33 INFO  Loggers:23 - ANDROID TESTI BASLIYOR
2022-02-02 11:24:54 INFO  Loggers:25 - Anasayfada başlığı kontrol edilir
2022-02-02 11:25:01 INFO  Loggers:25 - Alışverişe başla butonuna basılır
2022-02-02 11:25:08 INFO  Loggers:25 - Alışveriş sayfasının açıldığı kontrol edilir
2022-02-02 11:25:15 INFO  Loggers:25 - Kategoriler sayfası açılır
2022-02-02 11:25:21 INFO  Loggers:25 - Kategoriler sayfasının açıldığı kontrol edilir
2022-02-02 11:25:27 INFO  Loggers:25 - Kadın seçeneğine tıklanır
2022-02-02 11:26:19 INFO  Reflections:228 - Reflections took 4889 ms to scan 92 urls, producing 11054 keys and 58751 values 
2022-02-02 11:26:22 INFO  Reflections:228 - Reflections took 3112 ms to scan 92 urls, producing 10964 keys and 49771 values 
2022-02-02 11:26:22 INFO  Loggers:23 - ANDROID TESTI BASLIYOR
2022-02-02 11:26:45 INFO  Loggers:25 - Anasayfada başlığı kontrol edilir
2022-02-02 11:26:51 INFO  Loggers:25 - Alışverişe başla butonuna basılır
2022-02-02 11:26:57 INFO  Loggers:25 - Alışveriş sayfasının açıldığı kontrol edilir
2022-02-02 11:27:03 INFO  Loggers:25 - Kategoriler sayfası açılır
2022-02-02 11:27:09 INFO  Loggers:25 - Kategoriler sayfasının açıldığı kontrol edilir
2022-02-02 11:27:15 INFO  Loggers:25 - Kadın seçeneğine tıklanır
2022-02-02 11:28:16 INFO  Reflections:228 - Reflections took 5049 ms to scan 92 urls, producing 11054 keys and 58751 values 
2022-02-02 11:28:19 INFO  Reflections:228 - Reflections took 2676 ms to scan 92 urls, producing 10964 keys and 49771 values 
2022-02-02 11:28:19 INFO  Loggers:23 - ANDROID TESTI BASLIYOR
2022-02-02 11:28:43 INFO  Loggers:25 - Anasayfada başlığı kontrol edilir
2022-02-02 11:28:49 INFO  Loggers:25 - Alışverişe başla butonuna basılır
2022-02-02 11:28:55 INFO  Loggers:25 - Alışveriş sayfasının açıldığı kontrol edilir
2022-02-02 11:29:01 INFO  Loggers:25 - Kategoriler sayfası açılır
2022-02-02 11:29:07 INFO  Loggers:25 - Kategoriler sayfasının açıldığı kontrol edilir
2022-02-02 11:29:14 INFO  Loggers:25 - Kadın seçeneğine tıklanır
2022-02-02 11:30:10 INFO  Reflections:169 - Reflections took 6811 ms to scan 92 urls, producing 11054 keys and 58751 values 
2022-02-02 11:30:15 INFO  Reflections:169 - Reflections took 4778 ms to scan 92 urls, producing 10964 keys and 49771 values 
2022-02-02 11:30:15 INFO  Loggers:23 - ANDROID TESTI BASLIYOR
2022-02-02 11:30:39 INFO  Loggers:25 - Anasayfada başlığı kontrol edilir
2022-02-02 11:30:45 INFO  Loggers:25 - Alışverişe başla butonuna basılır
2022-02-02 11:30:51 INFO  Loggers:25 - Alışveriş sayfasının açıldığı kontrol edilir
2022-02-02 11:30:58 INFO  Loggers:25 - Kategoriler sayfası açılır
2022-02-02 11:31:04 INFO  Loggers:25 - Kategoriler sayfasının açıldığı kontrol edilir
2022-02-02 11:31:10 INFO  Loggers:25 - Kadın seçeneğine tıklanır
2022-02-02 11:31:56 INFO  Reflections:228 - Reflections took 5304 ms to scan 92 urls, producing 11054 keys and 58751 values 
2022-02-02 11:32:00 INFO  Reflections:228 - Reflections took 3427 ms to scan 92 urls, producing 10964 keys and 49771 values 
2022-02-02 11:32:00 INFO  Loggers:23 - ANDROID TESTI BASLIYOR
2022-02-02 11:32:26 INFO  Loggers:25 - Anasayfada başlığı kontrol edilir
2022-02-02 11:32:32 INFO  Loggers:25 - Alışverişe başla butonuna basılır
2022-02-02 11:32:38 INFO  Loggers:25 - Alışveriş sayfasının açıldığı kontrol edilir
2022-02-02 11:32:45 INFO  Loggers:25 - Kategoriler sayfası açılır
2022-02-02 11:32:51 INFO  Loggers:25 - Kategoriler sayfasının açıldığı kontrol edilir
2022-02-02 11:32:57 INFO  Loggers:25 - Kadın seçeneğine tıklanır
2022-02-02 11:33:44 INFO  Reflections:169 - Reflections took 4968 ms to scan 92 urls, producing 11054 keys and 58751 values 
2022-02-02 11:33:47 INFO  Reflections:169 - Reflections took 3058 ms to scan 92 urls, producing 10964 keys and 49771 values 
2022-02-02 11:33:47 INFO  Loggers:23 - ANDROID TESTI BASLIYOR
2022-02-02 11:34:13 INFO  Loggers:25 - Anasayfada başlığı kontrol edilir
2022-02-02 11:34:19 INFO  Loggers:25 - Alışverişe başla butonuna basılır
2022-02-02 11:34:25 INFO  Loggers:25 - Alışveriş sayfasının açıldığı kontrol edilir
2022-02-02 11:34:31 INFO  Loggers:25 - Kategoriler sayfası açılır
2022-02-02 11:34:37 INFO  Loggers:25 - Kategoriler sayfasının açıldığı kontrol edilir
2022-02-02 11:34:44 INFO  Loggers:25 - Kadın seçeneğine tıklanır
2022-02-02 11:38:40 INFO  Reflections:228 - Reflections took 5512 ms to scan 92 urls, producing 11054 keys and 58751 values 
2022-02-02 11:38:44 INFO  Reflections:228 - Reflections took 3735 ms to scan 92 urls, producing 10964 keys and 49771 values 
2022-02-02 11:38:44 INFO  Loggers:23 - ANDROID TESTI BASLIYOR
2022-02-02 11:39:12 INFO  Loggers:25 - Anasayfada başlığı kontrol edilir
2022-02-02 11:39:18 INFO  Loggers:25 - Alışverişe başla butonuna basılır
2022-02-02 11:39:24 INFO  Loggers:25 - Alışveriş sayfasının açıldığı kontrol edilir
2022-02-02 11:39:30 INFO  Loggers:25 - Kategoriler sayfası açılır
2022-02-02 11:39:37 INFO  Loggers:25 - Kategoriler sayfasının açıldığı kontrol edilir
2022-02-02 11:39:44 INFO  Loggers:25 - Kadın seçeneğine tıklanır
2022-02-02 11:41:09 INFO  Reflections:228 - Reflections took 5483 ms to scan 92 urls, producing 11054 keys and 58751 values 
2022-02-02 11:41:13 INFO  Reflections:228 - Reflections took 3541 ms to scan 92 urls, producing 10964 keys and 49771 values 
2022-02-02 11:41:13 INFO  Loggers:23 - ANDROID TESTI BASLIYOR
2022-02-02 11:41:42 INFO  Loggers:25 - Anasayfada başlığı kontrol edilir
2022-02-02 11:41:48 INFO  Loggers:25 - Alışverişe başla butonuna basılır
2022-02-02 11:41:54 INFO  Loggers:25 - Alışveriş sayfasının açıldığı kontrol edilir
2022-02-02 11:42:01 INFO  Loggers:25 - Kategoriler sayfası açılır
2022-02-02 11:42:07 INFO  Loggers:25 - Kategoriler sayfasının açıldığı kontrol edilir
2022-02-02 11:42:14 INFO  Loggers:25 - Kadın seçeneğine tıklanır
2022-02-02 11:43:18 INFO  Reflections:228 - Reflections took 5658 ms to scan 92 urls, producing 11054 keys and 58751 values 
2022-02-02 11:43:21 INFO  Reflections:228 - Reflections took 3044 ms to scan 92 urls, producing 10964 keys and 49771 values 
2022-02-02 11:43:21 INFO  Loggers:23 - ANDROID TESTI BASLIYOR
2022-02-02 11:43:51 INFO  Loggers:25 - Anasayfada başlığı kontrol edilir
2022-02-02 11:43:57 INFO  Loggers:25 - Alışverişe başla butonuna basılır
2022-02-02 11:44:03 INFO  Loggers:25 - Alışveriş sayfasının açıldığı kontrol edilir
2022-02-02 11:44:09 INFO  Loggers:25 - Kategoriler sayfası açılır
2022-02-02 11:44:16 INFO  Loggers:25 - Kategoriler sayfasının açıldığı kontrol edilir
2022-02-02 11:44:22 INFO  Loggers:25 - Kadın seçeneğine tıklanır
2022-02-02 11:46:52 INFO  Reflections:228 - Reflections took 5211 ms to scan 92 urls, producing 11054 keys and 58751 values 
2022-02-02 11:46:55 INFO  Reflections:228 - Reflections took 2878 ms to scan 92 urls, producing 10964 keys and 49771 values 
2022-02-02 11:46:56 INFO  Loggers:23 - ANDROID TESTI BASLIYOR
2022-02-02 11:47:26 INFO  Loggers:25 - Anasayfada başlığı kontrol edilir
2022-02-02 11:47:33 INFO  Loggers:25 - Alışverişe başla butonuna basılır
2022-02-02 11:47:39 INFO  Loggers:25 - Alışveriş sayfasının açıldığı kontrol edilir
2022-02-02 11:47:45 INFO  Loggers:25 - Kategoriler sayfası açılır
2022-02-02 11:47:51 INFO  Loggers:25 - Kategoriler sayfasının açıldığı kontrol edilir
2022-02-02 11:47:57 INFO  Loggers:25 - Kadın seçeneğine tıklanır
2022-02-02 11:48:07 INFO  Loggers:25 - Pantalon kategorisi seçilir
2022-02-02 11:48:19 INFO  Loggers:25 - Rastegele pantalon seçimi yapılır
2022-02-02 11:48:37 INFO  Loggers:25 - Ürün detay sayfası açılır ve favorilere eklenir
2022-02-02 14:45:42 INFO  Reflections:228 - Reflections took 4932 ms to scan 93 urls, producing 11054 keys and 58749 values 
2022-02-02 14:45:45 INFO  Reflections:228 - Reflections took 2672 ms to scan 93 urls, producing 10964 keys and 49771 values 
2022-02-02 14:45:45 INFO  Loggers:23 - ANDROID TESTI BASLIYOR
2022-02-02 14:46:04 INFO  Loggers:25 - ÖZDİLEKTEYİM UYGULAMSI TESTİ BAŞLADI
2022-02-02 14:46:12 INFO  Loggers:25 - Anasayfada başlığı kontrol edildi
2022-02-02 14:46:15 INFO  Loggers:25 - Alışverişe başla butonuna basıldı
2022-02-02 14:46:19 INFO  Loggers:25 - Alışveriş sayfasının açıldığı kontrol edildi
2022-02-02 14:46:22 INFO  Loggers:25 - Kategoriler sayfası açıldı
2022-02-02 14:46:26 INFO  Loggers:25 - Kategoriler sayfasının açıldığı kontrol edildi
2022-02-02 14:46:29 INFO  Loggers:25 - Kadın seçeneğine tıklandı
2022-02-02 14:46:36 INFO  Loggers:25 - Pantalon kategorisi seçildi
2022-02-02 14:46:46 INFO  Loggers:25 - Rastegele pantalon seçimi yapıldı
2022-02-02 14:46:57 INFO  Loggers:25 - Ürün detay sayfası açılır ve favorilere eklendi
2022-02-02 14:47:07 INFO  Loggers:25 - E-posta ve parola bilgileri dolduruldu
2022-02-02 14:47:09 INFO  Loggers:25 - Geri dön butonuna basıldı
2022-02-02 14:47:12 INFO  Loggers:25 - Geri dön butonuna basıldı
2022-02-02 14:47:22 INFO  Loggers:25 - Rastegele pantalon seçimi yapıldı
2022-02-02 14:47:30 INFO  Loggers:25 - Beden seçimi yapıldı
2022-02-02 14:47:34 INFO  Loggers:25 - Ürün sepete eklendi
2022-02-02 14:47:37 INFO  Loggers:25 - ÖZDİLEKTEYİM UYGULAMSI TESTİ SONLAANDI
2022-02-02 14:54:16 INFO  Reflections:169 - Reflections took 3491 ms to scan 93 urls, producing 11054 keys and 58749 values 
2022-02-02 14:54:19 INFO  Reflections:169 - Reflections took 3599 ms to scan 93 urls, producing 10964 keys and 49771 values 
2022-02-02 14:54:19 INFO  Loggers:23 - ANDROID TESTI BASLIYOR
2022-02-02 14:54:34 INFO  Loggers:25 - ÖZDİLEKTEYİM UYGULAMSI TESTİ BAŞLADI
2022-02-02 14:54:42 INFO  Loggers:25 - Anasayfada başlığı kontrol edildi
2022-02-02 14:54:46 INFO  Loggers:25 - Alışverişe başla butonuna basıldı
2022-02-02 14:54:49 INFO  Loggers:25 - Alışveriş sayfasının açıldığı kontrol edildi
2022-02-02 14:56:10 INFO  Reflections:228 - Reflections took 3500 ms to scan 93 urls, producing 11054 keys and 58749 values 
2022-02-02 14:56:12 INFO  Reflections:228 - Reflections took 2752 ms to scan 93 urls, producing 10964 keys and 49771 values 
2022-02-02 14:56:13 INFO  Loggers:23 - ANDROID TESTI BASLIYOR
2022-02-02 14:56:25 INFO  Loggers:25 - ÖZDİLEKTEYİM UYGULAMSI TESTİ BAŞLADI
2022-02-02 14:56:34 INFO  Loggers:25 - Anasayfada başlığı kontrol edildi
2022-02-02 14:56:37 INFO  Loggers:25 - Alışverişe başla butonuna basıldı
2022-02-02 14:57:28 INFO  Reflections:228 - Reflections took 4171 ms to scan 93 urls, producing 11054 keys and 58749 values 
2022-02-02 14:57:31 INFO  Reflections:228 - Reflections took 2821 ms to scan 93 urls, producing 10964 keys and 49771 values 
2022-02-02 14:57:31 INFO  Loggers:23 - ANDROID TESTI BASLIYOR
2022-02-02 14:57:42 INFO  Loggers:25 - ÖZDİLEKTEYİM UYGULAMSI TESTİ BAŞLADI
2022-02-02 14:57:50 INFO  Loggers:25 - Anasayfada başlığı kontrol edildi
2022-02-02 14:57:54 INFO  Loggers:25 - Alışverişe başla butonuna basıldı
2022-02-02 14:57:57 INFO  Loggers:25 - Alışveriş sayfasının açıldığı kontrol edildi
2022-02-02 14:58:00 INFO  Loggers:25 - Kategoriler sayfası açıldı
2022-02-02 14:58:04 INFO  Loggers:25 - Kategoriler sayfasının açıldığı kontrol edildi
2022-02-02 14:58:07 INFO  Loggers:25 - Kadın seçeneğine tıklandı
2022-02-02 14:58:15 INFO  Loggers:25 - Pantalon kategorisi seçildi
2022-02-02 14:58:24 INFO  Loggers:25 - Rastegele pantalon seçimi yapıldı
2022-02-02 14:59:35 INFO  Reflections:169 - Reflections took 5459 ms to scan 93 urls, producing 11054 keys and 58749 values 
2022-02-02 14:59:39 INFO  Reflections:169 - Reflections took 3746 ms to scan 93 urls, producing 10964 keys and 49771 values 
2022-02-02 14:59:39 INFO  Loggers:23 - ANDROID TESTI BASLIYOR
2022-02-02 15:00:02 INFO  Loggers:25 - ÖZDİLEKTEYİM UYGULAMSI TESTİ BAŞLADI
2022-02-02 15:00:10 INFO  Loggers:25 - Anasayfada başlığı kontrol edildi
2022-02-02 15:00:14 INFO  Loggers:25 - Alışverişe başla butonuna basıldı
2022-02-02 15:00:17 INFO  Loggers:25 - Alışveriş sayfasının açıldığı kontrol edildi
2022-02-02 15:00:20 INFO  Loggers:25 - Kategoriler sayfası açıldı
2022-02-02 15:00:24 INFO  Loggers:25 - Kategoriler sayfasının açıldığı kontrol edildi
2022-02-02 15:00:27 INFO  Loggers:25 - Kadın seçeneğine tıklandı
2022-02-02 15:00:34 INFO  Loggers:25 - Pantalon kategorisi seçildi
2022-02-02 15:00:43 INFO  Loggers:25 - Rastegele pantalon seçimi yapıldı
2022-02-02 15:01:51 INFO  Reflections:228 - Reflections took 5169 ms to scan 93 urls, producing 11054 keys and 58749 values 
2022-02-02 15:01:56 INFO  Reflections:228 - Reflections took 5104 ms to scan 93 urls, producing 10964 keys and 49771 values 
2022-02-02 15:01:56 INFO  Loggers:23 - ANDROID TESTI BASLIYOR
2022-02-02 15:02:16 INFO  Loggers:25 - ÖZDİLEKTEYİM UYGULAMSI TESTİ BAŞLADI
2022-02-02 15:02:24 INFO  Loggers:25 - Anasayfada başlığı kontrol edildi
2022-02-02 15:02:28 INFO  Loggers:25 - Alışverişe başla butonuna basıldı
2022-02-02 15:02:31 INFO  Loggers:25 - Alışveriş sayfasının açıldığı kontrol edildi
2022-02-02 15:02:34 INFO  Loggers:25 - Kategoriler sayfası açıldı
2022-02-02 15:02:37 INFO  Loggers:25 - Kategoriler sayfasının açıldığı kontrol edildi
2022-02-02 15:02:40 INFO  Loggers:25 - Kadın seçeneğine tıklandı
2022-02-02 15:02:48 INFO  Loggers:25 - Pantalon kategorisi seçildi
2022-02-02 15:02:58 INFO  Loggers:25 - Rastegele pantalon seçimi yapıldı
2022-02-02 15:03:11 INFO  Loggers:25 - Ürün detay sayfası açılır ve favorilere eklendi
2022-02-02 15:03:23 ERROR Loggers:98 - Hata= org.openqa.selenium.WebDriverException: An unknown server-side error occurred while processing the command. Original error: Could not proxy command to the remote server. Original error: socket hang up
Build info: version: '3.141.59', revision: 'e82be7d358', time: '2018-11-14T08:17:03'
System info: host: 'DESKTOP-0SV2QON', ip: '172.29.96.1', os.name: 'Windows 10', os.arch: 'amd64', os.version: '10.0', java.version: '1.8.0_311'
Driver info: io.appium.java_client.android.AndroidDriver
Capabilities {appActivity: com.ozdilek.ozdilekteyim.Ma..., appPackage: com.ozdilek.ozdilekteyim, databaseEnabled: false, desired: {appActivity: com.ozdilek.ozdilekteyim.Ma..., appPackage: com.ozdilek.ozdilekteyim, deviceName: emulator-5554, newCommandTimeout: 3000, platformName: android}, deviceApiLevel: 30, deviceManufacturer: Google, deviceModel: sdk_gphone_x86, deviceName: emulator-5554, deviceScreenDensity: 420, deviceScreenSize: 1080x1920, deviceUDID: emulator-5554, javascriptEnabled: true, locationContextEnabled: false, networkConnectionEnabled: true, newCommandTimeout: 3000, pixelRatio: 2.625, platform: LINUX, platformName: Android, platformVersion: 11, statBarHeight: 63, takesScreenshot: true, viewportRect: {height: 1731, left: 0, top: 63, width: 1080}, warnings: {}, webStorageEnabled: false}
Session ID: 920647b0-d999-4ebb-b75c-30c335d0c380
*** Element info: {Using=id, value=com.ozdilek.ozdilekteyim:id/etPassword}
2022-02-02 15:03:26 ERROR Loggers:76 - Hata= org.openqa.selenium.WebDriverException: An unknown server-side error occurred while processing the command. Original error: 'POST /element' cannot be proxied to UiAutomator2 server because the instrumentation process is not running (probably crashed). Check the server log and/or the logcat output for more details
Build info: version: '3.141.59', revision: 'e82be7d358', time: '2018-11-14T08:17:03'
System info: host: 'DESKTOP-0SV2QON', ip: '172.29.96.1', os.name: 'Windows 10', os.arch: 'amd64', os.version: '10.0', java.version: '1.8.0_311'
Driver info: io.appium.java_client.android.AndroidDriver
Capabilities {appActivity: com.ozdilek.ozdilekteyim.Ma..., appPackage: com.ozdilek.ozdilekteyim, databaseEnabled: false, desired: {appActivity: com.ozdilek.ozdilekteyim.Ma..., appPackage: com.ozdilek.ozdilekteyim, deviceName: emulator-5554, newCommandTimeout: 3000, platformName: android}, deviceApiLevel: 30, deviceManufacturer: Google, deviceModel: sdk_gphone_x86, deviceName: emulator-5554, deviceScreenDensity: 420, deviceScreenSize: 1080x1920, deviceUDID: emulator-5554, javascriptEnabled: true, locationContextEnabled: false, networkConnectionEnabled: true, newCommandTimeout: 3000, pixelRatio: 2.625, platform: LINUX, platformName: Android, platformVersion: 11, statBarHeight: 63, takesScreenshot: true, viewportRect: {height: 1731, left: 0, top: 63, width: 1080}, warnings: {}, webStorageEnabled: false}
Session ID: 920647b0-d999-4ebb-b75c-30c335d0c380
*** Element info: {Using=id, value=com.ozdilek.ozdilekteyim:id/etPassword}
2022-02-02 15:03:26 INFO  Loggers:25 - E-posta ve parola bilgileri dolduruldu
2022-02-02 15:03:28 ERROR Loggers:41 - Hata= org.openqa.selenium.WebDriverException: An unknown server-side error occurred while processing the command. Original error: 'POST /element' cannot be proxied to UiAutomator2 server because the instrumentation process is not running (probably crashed). Check the server log and/or the logcat output for more details
Build info: version: '3.141.59', revision: 'e82be7d358', time: '2018-11-14T08:17:03'
System info: host: 'DESKTOP-0SV2QON', ip: '172.29.96.1', os.name: 'Windows 10', os.arch: 'amd64', os.version: '10.0', java.version: '1.8.0_311'
Driver info: io.appium.java_client.android.AndroidDriver
Capabilities {appActivity: com.ozdilek.ozdilekteyim.Ma..., appPackage: com.ozdilek.ozdilekteyim, databaseEnabled: false, desired: {appActivity: com.ozdilek.ozdilekteyim.Ma..., appPackage: com.ozdilek.ozdilekteyim, deviceName: emulator-5554, newCommandTimeout: 3000, platformName: android}, deviceApiLevel: 30, deviceManufacturer: Google, deviceModel: sdk_gphone_x86, deviceName: emulator-5554, deviceScreenDensity: 420, deviceScreenSize: 1080x1920, deviceUDID: emulator-5554, javascriptEnabled: true, locationContextEnabled: false, networkConnectionEnabled: true, newCommandTimeout: 3000, pixelRatio: 2.625, platform: LINUX, platformName: Android, platformVersion: 11, statBarHeight: 63, takesScreenshot: true, viewportRect: {height: 1731, left: 0, top: 63, width: 1080}, warnings: {}, webStorageEnabled: false}
Session ID: 920647b0-d999-4ebb-b75c-30c335d0c380
*** Element info: {Using=id, value=com.ozdilek.ozdilekteyim:id/ivBack}
2022-02-02 15:03:28 INFO  Loggers:25 - Geri dön butonuna basıldı
2022-02-02 15:03:30 ERROR Loggers:41 - Hata= org.openqa.selenium.WebDriverException: An unknown server-side error occurred while processing the command. Original error: 'POST /element' cannot be proxied to UiAutomator2 server because the instrumentation process is not running (probably crashed). Check the server log and/or the logcat output for more details
Build info: version: '3.141.59', revision: 'e82be7d358', time: '2018-11-14T08:17:03'
System info: host: 'DESKTOP-0SV2QON', ip: '172.29.96.1', os.name: 'Windows 10', os.arch: 'amd64', os.version: '10.0', java.version: '1.8.0_311'
Driver info: io.appium.java_client.android.AndroidDriver
Capabilities {appActivity: com.ozdilek.ozdilekteyim.Ma..., appPackage: com.ozdilek.ozdilekteyim, databaseEnabled: false, desired: {appActivity: com.ozdilek.ozdilekteyim.Ma..., appPackage: com.ozdilek.ozdilekteyim, deviceName: emulator-5554, newCommandTimeout: 3000, platformName: android}, deviceApiLevel: 30, deviceManufacturer: Google, deviceModel: sdk_gphone_x86, deviceName: emulator-5554, deviceScreenDensity: 420, deviceScreenSize: 1080x1920, deviceUDID: emulator-5554, javascriptEnabled: true, locationContextEnabled: false, networkConnectionEnabled: true, newCommandTimeout: 3000, pixelRatio: 2.625, platform: LINUX, platformName: Android, platformVersion: 11, statBarHeight: 63, takesScreenshot: true, viewportRect: {height: 1731, left: 0, top: 63, width: 1080}, warnings: {}, webStorageEnabled: false}
Session ID: 920647b0-d999-4ebb-b75c-30c335d0c380
*** Element info: {Using=id, value=com.ozdilek.ozdilekteyim:id/ivBack}
2022-02-02 15:03:30 INFO  Loggers:25 - Geri dön butonuna basıldı
2022-02-02 15:03:33 ERROR Loggers:130 - Hata= org.openqa.selenium.WebDriverException: An unknown server-side error occurred while processing the command. Original error: 'GET /window/current/size' cannot be proxied to UiAutomator2 server because the instrumentation process is not running (probably crashed). Check the server log and/or the logcat output for more details
Build info: version: '3.141.59', revision: 'e82be7d358', time: '2018-11-14T08:17:03'
System info: host: 'DESKTOP-0SV2QON', ip: '172.29.96.1', os.name: 'Windows 10', os.arch: 'amd64', os.version: '10.0', java.version: '1.8.0_311'
Driver info: io.appium.java_client.android.AndroidDriver
Capabilities {appActivity: com.ozdilek.ozdilekteyim.Ma..., appPackage: com.ozdilek.ozdilekteyim, databaseEnabled: false, desired: {appActivity: com.ozdilek.ozdilekteyim.Ma..., appPackage: com.ozdilek.ozdilekteyim, deviceName: emulator-5554, newCommandTimeout: 3000, platformName: android}, deviceApiLevel: 30, deviceManufacturer: Google, deviceModel: sdk_gphone_x86, deviceName: emulator-5554, deviceScreenDensity: 420, deviceScreenSize: 1080x1920, deviceUDID: emulator-5554, javascriptEnabled: true, locationContextEnabled: false, networkConnectionEnabled: true, newCommandTimeout: 3000, pixelRatio: 2.625, platform: LINUX, platformName: Android, platformVersion: 11, statBarHeight: 63, takesScreenshot: true, viewportRect: {height: 1731, left: 0, top: 63, width: 1080}, warnings: {}, webStorageEnabled: false}
Session ID: 920647b0-d999-4ebb-b75c-30c335d0c380
2022-02-02 15:03:36 ERROR Loggers:130 - Hata= org.openqa.selenium.WebDriverException: An unknown server-side error occurred while processing the command. Original error: 'GET /window/current/size' cannot be proxied to UiAutomator2 server because the instrumentation process is not running (probably crashed). Check the server log and/or the logcat output for more details
Build info: version: '3.141.59', revision: 'e82be7d358', time: '2018-11-14T08:17:03'
System info: host: 'DESKTOP-0SV2QON', ip: '172.29.96.1', os.name: 'Windows 10', os.arch: 'amd64', os.version: '10.0', java.version: '1.8.0_311'
Driver info: io.appium.java_client.android.AndroidDriver
Capabilities {appActivity: com.ozdilek.ozdilekteyim.Ma..., appPackage: com.ozdilek.ozdilekteyim, databaseEnabled: false, desired: {appActivity: com.ozdilek.ozdilekteyim.Ma..., appPackage: com.ozdilek.ozdilekteyim, deviceName: emulator-5554, newCommandTimeout: 3000, platformName: android}, deviceApiLevel: 30, deviceManufacturer: Google, deviceModel: sdk_gphone_x86, deviceName: emulator-5554, deviceScreenDensity: 420, deviceScreenSize: 1080x1920, deviceUDID: emulator-5554, javascriptEnabled: true, locationContextEnabled: false, networkConnectionEnabled: true, newCommandTimeout: 3000, pixelRatio: 2.625, platform: LINUX, platformName: Android, platformVersion: 11, statBarHeight: 63, takesScreenshot: true, viewportRect: {height: 1731, left: 0, top: 63, width: 1080}, warnings: {}, webStorageEnabled: false}
Session ID: 920647b0-d999-4ebb-b75c-30c335d0c380
2022-02-02 15:03:36 ERROR Loggers:65 - Hata= org.openqa.selenium.WebDriverException: An unknown server-side error occurred while processing the command. Original error: 'POST /elements' cannot be proxied to UiAutomator2 server because the instrumentation process is not running (probably crashed). Check the server log and/or the logcat output for more details
Build info: version: '3.141.59', revision: 'e82be7d358', time: '2018-11-14T08:17:03'
System info: host: 'DESKTOP-0SV2QON', ip: '172.29.96.1', os.name: 'Windows 10', os.arch: 'amd64', os.version: '10.0', java.version: '1.8.0_311'
Driver info: io.appium.java_client.android.AndroidDriver
Capabilities {appActivity: com.ozdilek.ozdilekteyim.Ma..., appPackage: com.ozdilek.ozdilekteyim, databaseEnabled: false, desired: {appActivity: com.ozdilek.ozdilekteyim.Ma..., appPackage: com.ozdilek.ozdilekteyim, deviceName: emulator-5554, newCommandTimeout: 3000, platformName: android}, deviceApiLevel: 30, deviceManufacturer: Google, deviceModel: sdk_gphone_x86, deviceName: emulator-5554, deviceScreenDensity: 420, deviceScreenSize: 1080x1920, deviceUDID: emulator-5554, javascriptEnabled: true, locationContextEnabled: false, networkConnectionEnabled: true, newCommandTimeout: 3000, pixelRatio: 2.625, platform: LINUX, platformName: Android, platformVersion: 11, statBarHeight: 63, takesScreenshot: true, viewportRect: {height: 1731, left: 0, top: 63, width: 1080}, warnings: {}, webStorageEnabled: false}
Session ID: 920647b0-d999-4ebb-b75c-30c335d0c380
*** Element info: {Using=xpath, value=//android.widget.ImageView[@resource-id='com.ozdilek.ozdilekteyim:id/imageView']}
2022-02-02 15:03:36 INFO  Loggers:25 - Rastegele pantalon seçimi yapıldı
2022-02-02 15:03:39 ERROR Loggers:65 - Hata= org.openqa.selenium.WebDriverException: An unknown server-side error occurred while processing the command. Original error: 'POST /elements' cannot be proxied to UiAutomator2 server because the instrumentation process is not running (probably crashed). Check the server log and/or the logcat output for more details
Build info: version: '3.141.59', revision: 'e82be7d358', time: '2018-11-14T08:17:03'
System info: host: 'DESKTOP-0SV2QON', ip: '172.29.96.1', os.name: 'Windows 10', os.arch: 'amd64', os.version: '10.0', java.version: '1.8.0_311'
Driver info: io.appium.java_client.android.AndroidDriver
Capabilities {appActivity: com.ozdilek.ozdilekteyim.Ma..., appPackage: com.ozdilek.ozdilekteyim, databaseEnabled: false, desired: {appActivity: com.ozdilek.ozdilekteyim.Ma..., appPackage: com.ozdilek.ozdilekteyim, deviceName: emulator-5554, newCommandTimeout: 3000, platformName: android}, deviceApiLevel: 30, deviceManufacturer: Google, deviceModel: sdk_gphone_x86, deviceName: emulator-5554, deviceScreenDensity: 420, deviceScreenSize: 1080x1920, deviceUDID: emulator-5554, javascriptEnabled: true, locationContextEnabled: false, networkConnectionEnabled: true, newCommandTimeout: 3000, pixelRatio: 2.625, platform: LINUX, platformName: Android, platformVersion: 11, statBarHeight: 63, takesScreenshot: true, viewportRect: {height: 1731, left: 0, top: 63, width: 1080}, warnings: {}, webStorageEnabled: false}
Session ID: 920647b0-d999-4ebb-b75c-30c335d0c380
*** Element info: {Using=xpath, value=//*[@resource-id='com.ozdilek.ozdilekteyim:id/tvInSizeItem']}
2022-02-02 15:03:39 INFO  Loggers:25 - Beden seçimi yapıldı
2022-02-02 15:03:43 ERROR Loggers:41 - Hata= org.openqa.selenium.WebDriverException: An unknown server-side error occurred while processing the command. Original error: 'POST /element' cannot be proxied to UiAutomator2 server because the instrumentation process is not running (probably crashed). Check the server log and/or the logcat output for more details
Build info: version: '3.141.59', revision: 'e82be7d358', time: '2018-11-14T08:17:03'
System info: host: 'DESKTOP-0SV2QON', ip: '172.29.96.1', os.name: 'Windows 10', os.arch: 'amd64', os.version: '10.0', java.version: '1.8.0_311'
Driver info: io.appium.java_client.android.AndroidDriver
Capabilities {appActivity: com.ozdilek.ozdilekteyim.Ma..., appPackage: com.ozdilek.ozdilekteyim, databaseEnabled: false, desired: {appActivity: com.ozdilek.ozdilekteyim.Ma..., appPackage: com.ozdilek.ozdilekteyim, deviceName: emulator-5554, newCommandTimeout: 3000, platformName: android}, deviceApiLevel: 30, deviceManufacturer: Google, deviceModel: sdk_gphone_x86, deviceName: emulator-5554, deviceScreenDensity: 420, deviceScreenSize: 1080x1920, deviceUDID: emulator-5554, javascriptEnabled: true, locationContextEnabled: false, networkConnectionEnabled: true, newCommandTimeout: 3000, pixelRatio: 2.625, platform: LINUX, platformName: Android, platformVersion: 11, statBarHeight: 63, takesScreenshot: true, viewportRect: {height: 1731, left: 0, top: 63, width: 1080}, warnings: {}, webStorageEnabled: false}
Session ID: 920647b0-d999-4ebb-b75c-30c335d0c380
*** Element info: {Using=id, value=com.ozdilek.ozdilekteyim:id/relLayAddCartBtn}
2022-02-02 15:15:42 INFO  Reflections:228 - Reflections took 5586 ms to scan 93 urls, producing 11054 keys and 58749 values 
2022-02-02 15:15:46 INFO  Reflections:228 - Reflections took 2988 ms to scan 93 urls, producing 10964 keys and 49771 values 
2022-02-02 15:15:46 INFO  Loggers:23 - ANDROID TESTI BASLIYOR
2022-02-02 15:16:06 INFO  Loggers:25 - ÖZDİLEKTEYİM UYGULAMSI TESTİ BAŞLADI
2022-02-02 15:16:14 INFO  Loggers:25 - Anasayfada başlığı kontrol edildi
2022-02-02 15:16:18 INFO  Loggers:25 - Alışverişe başla butonuna basıldı
2022-02-02 15:16:21 INFO  Loggers:25 - Alışveriş sayfasının açıldığı kontrol edildi
2022-02-02 15:16:25 INFO  Loggers:25 - Kategoriler sayfası açıldı
2022-02-02 15:16:28 INFO  Loggers:25 - Kategoriler sayfasının açıldığı kontrol edildi
2022-02-02 15:16:31 INFO  Loggers:25 - Kadın seçeneğine tıklandı
2022-02-02 15:16:38 INFO  Loggers:25 - Pantalon kategorisi seçildi
2022-02-02 15:16:49 INFO  Loggers:25 - Rastegele pantalon seçimi yapıldı
2022-02-02 15:17:04 INFO  Loggers:25 - Ürün detay sayfası açılır ve favorilere eklendi
2022-02-02 15:17:15 INFO  Loggers:25 - E-posta ve parola bilgileri dolduruldu
2022-02-02 15:17:17 INFO  Loggers:25 - Geri dön butonuna basıldı
2022-02-02 15:17:19 INFO  Loggers:25 - Geri dön butonuna basıldı
2022-02-02 15:17:29 INFO  Loggers:25 - Rastegele pantalon seçimi yapıldı
2022-02-02 15:17:32 INFO  Loggers:25 - Beden seçimi yapıldı
2022-02-02 15:17:36 INFO  Loggers:25 - Ürün sepete eklendi
2022-02-02 15:17:39 INFO  Loggers:25 - ÖZDİLEKTEYİM UYGULAMSI TESTİ SONLAANDI
2022-02-07 11:40:34 INFO  Reflections:228 - Reflections took 10376 ms to scan 93 urls, producing 11054 keys and 58749 values 
2022-02-07 11:40:44 INFO  Reflections:228 - Reflections took 10058 ms to scan 93 urls, producing 10964 keys and 49771 values 
2022-02-07 11:40:45 INFO  Loggers:24 - ANDROID TESTI BASLIYOR
2022-02-07 11:41:11 INFO  Loggers:22 - ÖZDİLEKTEYİM UYGULAMSI TESTİ BAŞLADI
2022-02-07 11:41:19 ERROR Loggers:95 - Hata= org.openqa.selenium.NoSuchElementException: An element could not be located on the page using the given search parameters.
For documentation on this error, please visit: https://www.seleniumhq.org/exceptions/no_such_element.html
Build info: version: '3.141.59', revision: 'e82be7d358', time: '2018-11-14T08:17:03'
System info: host: 'DESKTOP-0SV2QON', ip: '172.29.96.1', os.name: 'Windows 10', os.arch: 'amd64', os.version: '10.0', java.version: '1.8.0_311'
Driver info: io.appium.java_client.android.AndroidDriver
Capabilities {appActivity: com.ozdilek.ozdilekteyim.Ma..., appPackage: com.ozdilek.ozdilekteyim, databaseEnabled: false, desired: {appActivity: com.ozdilek.ozdilekteyim.Ma..., appPackage: com.ozdilek.ozdilekteyim, deviceName: emulator-5554, newCommandTimeout: 3000, platformName: android}, deviceApiLevel: 30, deviceManufacturer: Google, deviceModel: sdk_gphone_x86, deviceName: emulator-5554, deviceScreenDensity: 420, deviceScreenSize: 1080x1920, deviceUDID: emulator-5554, javascriptEnabled: true, locationContextEnabled: false, networkConnectionEnabled: true, newCommandTimeout: 3000, pixelRatio: 2.625, platform: LINUX, platformName: Android, platformVersion: 11, statBarHeight: 63, takesScreenshot: true, viewportRect: {height: 1731, left: 0, top: 63, width: 1080}, warnings: {}, webStorageEnabled: false}
Session ID: 7fe369d9-d0de-44a3-be9d-cb4a88990dec
*** Element info: {Using=id, value=com.ozdilek.ozdilekteyim:id/textView}
2022-02-07 11:41:19 INFO  Loggers:22 - Anasayfada başlığı kontrol edildi
2022-02-07 11:41:23 INFO  Loggers:22 - Alışverişe başla butonuna basıldı
2022-02-07 11:41:26 INFO  Loggers:22 - Alışveriş sayfasının açıldığı kontrol edildi
2022-02-07 11:41:32 INFO  Loggers:22 - Kategoriler sayfası açıldı
2022-02-07 11:41:37 INFO  Loggers:22 - Kategoriler sayfasının açıldığı kontrol edildi
2022-02-07 11:41:41 INFO  Loggers:22 - Kadın seçeneğine tıklandı
2022-02-07 11:41:48 INFO  Loggers:22 - Pantalon kategorisi seçildi
2022-02-07 11:41:58 INFO  Loggers:22 - Rastegele pantalon seçimi yapıldı
2022-02-07 11:42:09 INFO  Loggers:22 - Ürün detay sayfası açılır ve favorilere eklendi
2022-02-07 11:42:19 INFO  Loggers:22 - E-posta ve parola bilgileri dolduruldu
2022-02-07 11:42:22 INFO  Loggers:22 - Geri dön butonuna basıldı
2022-02-07 11:42:24 INFO  Loggers:22 - Geri dön butonuna basıldı
2022-02-07 11:42:33 INFO  Loggers:22 - Rastegele pantalon seçimi yapıldı
2022-02-07 11:42:37 INFO  Loggers:22 - Beden seçimi yapıldı
2022-02-07 11:42:40 INFO  Loggers:22 - Ürün sepete eklendi
2022-02-07 11:42:43 INFO  Loggers:22 - ÖZDİLEKTEYİM UYGULAMSI TESTİ SONLAANDI
2022-02-07 12:10:00 INFO  Reflections:228 - Reflections took 4073 ms to scan 92 urls, producing 11054 keys and 58749 values 
2022-02-07 12:10:03 INFO  Reflections:228 - Reflections took 3005 ms to scan 92 urls, producing 10964 keys and 49771 values 
2022-02-07 12:10:03 INFO  Loggers:24 - ANDROID TESTI BASLIYOR
2022-02-07 12:10:27 INFO  Loggers:22 - ÖZDİLEKTEYİM UYGULAMSI TESTİ BAŞLADI
2022-02-07 12:10:35 ERROR Loggers:95 - Hata= org.openqa.selenium.NoSuchElementException: An element could not be located on the page using the given search parameters.
For documentation on this error, please visit: https://www.seleniumhq.org/exceptions/no_such_element.html
Build info: version: '3.141.59', revision: 'e82be7d358', time: '2018-11-14T08:17:03'
System info: host: 'DESKTOP-0SV2QON', ip: '172.29.96.1', os.name: 'Windows 10', os.arch: 'amd64', os.version: '10.0', java.version: '1.8.0_311'
Driver info: io.appium.java_client.android.AndroidDriver
Capabilities {appActivity: com.ozdilek.ozdilekteyim.Ma..., appPackage: com.ozdilek.ozdilekteyim, databaseEnabled: false, desired: {appActivity: com.ozdilek.ozdilekteyim.Ma..., appPackage: com.ozdilek.ozdilekteyim, deviceName: emulator-5554, newCommandTimeout: 3000, platformName: android}, deviceApiLevel: 30, deviceManufacturer: Google, deviceModel: sdk_gphone_x86, deviceName: emulator-5554, deviceScreenDensity: 420, deviceScreenSize: 1080x1920, deviceUDID: emulator-5554, javascriptEnabled: true, locationContextEnabled: false, networkConnectionEnabled: true, newCommandTimeout: 3000, pixelRatio: 2.625, platform: LINUX, platformName: Android, platformVersion: 11, statBarHeight: 63, takesScreenshot: true, viewportRect: {height: 1731, left: 0, top: 63, width: 1080}, warnings: {}, webStorageEnabled: false}
Session ID: 6b7558d3-e961-4799-9c3d-13e134f64663
*** Element info: {Using=id, value=com.ozdilek.ozdilekteyim:id/textView}
2022-02-07 12:10:35 INFO  Loggers:22 - Anasayfada başlığı kontrol edildi
2022-02-07 12:10:39 INFO  Loggers:22 - Alışverişe başla butonuna basıldı
2022-02-07 12:10:42 INFO  Loggers:22 - Alışveriş sayfasının açıldığı kontrol edildi
2022-02-07 12:10:45 INFO  Loggers:22 - Kategoriler sayfası açıldı
2022-02-07 12:10:49 INFO  Loggers:22 - Kategoriler sayfasının açıldığı kontrol edildi
2022-02-07 12:10:52 INFO  Loggers:22 - Kadın seçeneğine tıklandı
2022-02-07 12:11:00 INFO  Loggers:22 - Pantalon kategorisi seçildi
2022-02-07 12:11:09 INFO  Loggers:22 - Rastegele pantalon seçimi yapıldı
2022-02-07 12:11:20 INFO  Loggers:22 - Ürün detay sayfası açılır ve favorilere eklendi
2022-02-07 12:11:30 INFO  Loggers:22 - E-posta ve parola bilgileri dolduruldu
2022-02-07 12:11:32 INFO  Loggers:22 - Geri dön butonuna basıldı
2022-02-07 12:11:35 INFO  Loggers:22 - Geri dön butonuna basıldı
2022-02-07 12:11:44 INFO  Loggers:22 - Rastegele pantalon seçimi yapıldı
2022-02-07 12:11:48 INFO  Loggers:22 - Beden seçimi yapıldı
2022-02-07 12:11:51 INFO  Loggers:22 - Ürün sepete eklendi
2022-02-07 12:11:54 INFO  Loggers:22 - ÖZDİLEKTEYİM UYGULAMSI TESTİ SONLANDI
